<?xml version="1.0" encoding="UTF-8"?>
<testng-results total="1" passed="1" failed="0" skipped="0">
  <reporter-output>
  </reporter-output>
  <suite started-at="2023-12-03T14:41:35Z" name="Default suite" finished-at="2023-12-03T14:41:55Z" duration-ms="20075">
    <groups>
    </groups>
    <test started-at="2023-12-03T14:41:35Z" name="Default test" finished-at="2023-12-03T14:41:55Z" duration-ms="20075">
      <class name="PACKAGE.AUTO">
        <test-method is-config="true" signature="OpenURL()[pri:0, instance:PACKAGE.AUTO@8519cb4]" started-at="2023-12-03T20:11:35Z" name="OpenURL" finished-at="2023-12-03T20:11:48Z" duration-ms="13008" status="PASS">
          <reporter-output>
          </reporter-output>
        </test-method> <!-- OpenURL -->
        <test-method signature="dropdown()[pri:0, instance:PACKAGE.AUTO@8519cb4]" started-at="2023-12-03T20:11:48Z" name="dropdown" finished-at="2023-12-03T20:11:55Z" duration-ms="7041" status="PASS">
          <reporter-output>
          </reporter-output>
        </test-method> <!-- dropdown -->
      </class> <!-- PACKAGE.AUTO -->
    </test> <!-- Default test -->
  </suite> <!-- Default suite -->
</testng-results>
